push/pushsdk_xiaomi/build/intermediates/manifest_merge_blame_file/release/manifest-merger-blame-release-report.txt
1<?xml version="1.0" encoding="utf-8"?>
2<manifest xmlns:android="http://schemas.android.com/apk/res/android"
3    package="com.philips.easykey.push.xiaomi"
4    android:versionCode="1"
5    android:versionName="1.0" >
6
7    <uses-sdk
8        android:minSdkVersion="15"
8-->src\main\AndroidManifest.xml
9        android:targetSdkVersion="26" />
9-->src\main\AndroidManifest.xml
10
11    <uses-permission android:name="android.permission.WRITE_EXTERNAL_STORAGE" />
11-->src\main\AndroidManifest.xml:6:5-81
11-->src\main\AndroidManifest.xml:6:22-78
12    <uses-permission android:name="android.permission.INTERNET" />
12-->src\main\AndroidManifest.xml:7:5-67
12-->src\main\AndroidManifest.xml:7:22-64
13    <uses-permission android:name="android.permission.ACCESS_NETWORK_STATE" />
13-->src\main\AndroidManifest.xml:8:5-79
13-->src\main\AndroidManifest.xml:8:22-76
14    <uses-permission android:name="android.permission.ACCESS_WIFI_STATE" />
14-->src\main\AndroidManifest.xml:9:5-76
14-->src\main\AndroidManifest.xml:9:22-73
15    <uses-permission android:name="android.permission.READ_PHONE_STATE" />
15-->src\main\AndroidManifest.xml:10:5-75
15-->src\main\AndroidManifest.xml:10:22-72
16    <uses-permission android:name="android.permission.GET_TASKS" />
16-->src\main\AndroidManifest.xml:11:5-68
16-->src\main\AndroidManifest.xml:11:22-65
17    <!-- the following 2 com.xiaomi.mipushdemo should be changed to your package name -->
18    <permission
18-->src\main\AndroidManifest.xml:13:5-15:47
19        android:name="com.philips.easykey.push.permission.MIPUSH_RECEIVE"
19-->src\main\AndroidManifest.xml:14:9-74
20        android:protectionLevel="signature" />
20-->src\main\AndroidManifest.xml:15:9-44
21
22    <uses-permission android:name="com.philips.easykey.lock.permission.MIPUSH_RECEIVE" />
22-->src\main\AndroidManifest.xml:17:5-90
22-->src\main\AndroidManifest.xml:17:22-87
23    <uses-permission android:name="android.permission.VIBRATE" />
23-->src\main\AndroidManifest.xml:18:5-66
23-->src\main\AndroidManifest.xml:18:22-63
24
25    <application>
25-->src\main\AndroidManifest.xml:21:5-74:19
26        <service
26-->src\main\AndroidManifest.xml:23:9-28:46
27            android:name="com.xiaomi.push.service.XMJobService"
27-->src\main\AndroidManifest.xml:24:13-64
28            android:enabled="true"
28-->src\main\AndroidManifest.xml:25:13-35
29            android:exported="false"
29-->src\main\AndroidManifest.xml:26:13-37
30            android:permission="android.permission.BIND_JOB_SERVICE"
30-->src\main\AndroidManifest.xml:27:13-69
31            android:process=":pushservice" />
31-->src\main\AndroidManifest.xml:28:13-43
32        <service
32-->src\main\AndroidManifest.xml:30:9-33:46
33            android:name="com.xiaomi.push.service.XMPushService"
33-->src\main\AndroidManifest.xml:31:13-65
34            android:enabled="true"
34-->src\main\AndroidManifest.xml:32:13-35
35            android:process=":pushservice" />
35-->src\main\AndroidManifest.xml:33:13-43
36        <service
36-->src\main\AndroidManifest.xml:35:9-38:39
37            android:name="com.xiaomi.mipush.sdk.PushMessageHandler"
37-->src\main\AndroidManifest.xml:36:13-68
38            android:enabled="true"
38-->src\main\AndroidManifest.xml:37:13-35
39            android:exported="true" />
39-->src\main\AndroidManifest.xml:38:13-36
40        <service
40-->src\main\AndroidManifest.xml:39:9-41:38
41            android:name="com.xiaomi.mipush.sdk.MessageHandleService"
41-->src\main\AndroidManifest.xml:40:13-70
42            android:enabled="true" />
42-->src\main\AndroidManifest.xml:41:13-35
43
44        <receiver
44-->src\main\AndroidManifest.xml:43:9-55:20
45            android:name="com.philips.easykey.push.xiaomi.XiaoMiMessageReceiver"
45-->src\main\AndroidManifest.xml:44:13-81
46            android:exported="true" >
46-->src\main\AndroidManifest.xml:45:13-36
47            <intent-filter>
47-->src\main\AndroidManifest.xml:46:13-48:29
48                <action android:name="com.xiaomi.mipush.RECEIVE_MESSAGE" />
48-->src\main\AndroidManifest.xml:47:17-76
48-->src\main\AndroidManifest.xml:47:25-73
49            </intent-filter>
50            <intent-filter>
50-->src\main\AndroidManifest.xml:49:13-51:29
51                <action android:name="com.xiaomi.mipush.MESSAGE_ARRIVED" />
51-->src\main\AndroidManifest.xml:50:17-76
51-->src\main\AndroidManifest.xml:50:25-73
52            </intent-filter>
53            <intent-filter>
53-->src\main\AndroidManifest.xml:52:13-54:29
54                <action android:name="com.xiaomi.mipush.ERROR" />
54-->src\main\AndroidManifest.xml:53:17-66
54-->src\main\AndroidManifest.xml:53:25-63
55            </intent-filter>
56        </receiver>
57        <receiver
57-->src\main\AndroidManifest.xml:56:9-64:20
58            android:name="com.xiaomi.push.service.receivers.NetworkStatusReceiver"
58-->src\main\AndroidManifest.xml:57:13-83
59            android:exported="true" >
59-->src\main\AndroidManifest.xml:58:13-36
60            <intent-filter>
60-->src\main\AndroidManifest.xml:59:13-63:29
61                <action android:name="android.net.conn.CONNECTIVITY_CHANGE" />
61-->src\main\AndroidManifest.xml:60:17-79
61-->src\main\AndroidManifest.xml:60:25-76
62
63                <category android:name="android.intent.category.DEFAULT" />
63-->src\main\AndroidManifest.xml:62:17-76
63-->src\main\AndroidManifest.xml:62:27-73
64            </intent-filter>
65        </receiver>
66        <receiver
66-->src\main\AndroidManifest.xml:65:9-72:20
67            android:name="com.xiaomi.push.service.receivers.PingReceiver"
67-->src\main\AndroidManifest.xml:66:13-74
68            android:exported="false"
68-->src\main\AndroidManifest.xml:67:13-37
69            android:process=":pushservice" >
69-->src\main\AndroidManifest.xml:68:13-43
70            <intent-filter>
70-->src\main\AndroidManifest.xml:69:13-71:29
71                <action android:name="com.xiaomi.push.PING_TIMER" />
71-->src\main\AndroidManifest.xml:70:17-69
71-->src\main\AndroidManifest.xml:70:25-66
72            </intent-filter>
73        </receiver>
74    </application>
75
76</manifest>